#
# There is insufficient memory for the Java Runtime Environment to continue.
# Native memory allocation (mmap) failed to map 125304832 bytes for committing reserved memory.
# Possible reasons:
#   The system is out of physical RAM or swap space
#   In 32 bit mode, the process size limit was hit
# Possible solutions:
#   Reduce memory load on the system
#   Increase physical memory or swap space
#   Check if swap backing store is full
#   Use 64 bit Java on a 64 bit OS
#   Decrease Java heap size (-Xmx/-Xms)
#   Decrease number of Java threads
#   Decrease Java thread stack sizes (-Xss)
#   Set larger code cache with -XX:ReservedCodeCacheSize=
# This output file may be truncated or incomplete.
#
#  Out of Memory Error (os_linux.cpp:2627), pid=10545, tid=139971981416192
#
# JRE version: Java(TM) SE Runtime Environment (8.0_91-b14) (build 1.8.0_91-b14)
# Java VM: Java HotSpot(TM) 64-Bit Server VM (25.91-b14 mixed mode linux-amd64 compressed oops)
# Failed to write core dump. Core dumps have been disabled. To enable core dumping, try "ulimit -c unlimited" before starting Java again
#

---------------  T H R E A D  ---------------

Current thread (0x00007f4dd4077800):  VMThread [stack: 0x00007f4dc42b1000,0x00007f4dc43b2000] [id=10551]

Stack: [0x00007f4dc42b1000,0x00007f4dc43b2000],  sp=0x00007f4dc43b0060,  free space=1020k
Native frames: (J=compiled Java code, j=interpreted, Vv=VM code, C=native code)
V  [libjvm.so+0xabc18a]  VMError::report_and_die()+0x2ba
V  [libjvm.so+0x4fafeb]  report_vm_out_of_memory(char const*, int, unsigned long, VMErrorType, char const*)+0x8b
V  [libjvm.so+0x91cbb3]  os::Linux::commit_memory_impl(char*, unsigned long, bool)+0x103
V  [libjvm.so+0x91d109]  os::pd_commit_memory(char*, unsigned long, unsigned long, bool)+0x29
V  [libjvm.so+0x91740a]  os::commit_memory(char*, unsigned long, unsigned long, bool)+0x2a
V  [libjvm.so+0x98b033]  PSVirtualSpace::expand_by(unsigned long)+0x53
V  [libjvm.so+0x98c438]  PSYoungGen::resize_generation(unsigned long, unsigned long)+0xf8
V  [libjvm.so+0x98b592]  PSYoungGen::resize(unsigned long, unsigned long)+0x22
V  [libjvm.so+0x98886b]  PSScavenge::invoke_no_policy()+0xf3b
V  [libjvm.so+0x988ff1]  PSScavenge::invoke()+0x41
V  [libjvm.so+0x9408b0]  ParallelScavengeHeap::failed_mem_allocate(unsigned long)+0x70
V  [libjvm.so+0xabdba7]  VM_ParallelGCFailedAllocation::doit()+0x97
V  [libjvm.so+0xac55d5]  VM_Operation::evaluate()+0x55
V  [libjvm.so+0xac39aa]  VMThread::evaluate_operation(VM_Operation*)+0xba
V  [libjvm.so+0xac3d2e]  VMThread::loop()+0x1ce
V  [libjvm.so+0xac41a0]  VMThread::run()+0x70
V  [libjvm.so+0x91ef78]  java_start(Thread*)+0x108

VM_Operation (0x00007f4dbd2e4400): ParallelGCFailedAllocation, mode: safepoint, requested by thread 0x00007f4dd4187000


---------------  P R O C E S S  ---------------

Java Threads: ( => current thread )
  0x00007f4d98001000 JavaThread "SIGHUP handler" daemon [_thread_blocked, id=10741, stack(0x00007f4dbd2e6000,0x00007f4dbd3e7000)]
  0x00007f4dd4009800 JavaThread "DestroyJavaVM" [_thread_blocked, id=10546, stack(0x00007f4ddc920000,0x00007f4ddca21000)]
  0x00007f4dd4187000 JavaThread "Thread-4" [_thread_blocked, id=10564, stack(0x00007f4dbd1e5000,0x00007f4dbd2e6000)]
  0x00007f4dd417d800 JavaThread "Thread-0" [_thread_blocked, id=10560, stack(0x00007f4dbd3e7000,0x00007f4dbd4e8000)]
  0x00007f4dd40d1000 JavaThread "Service Thread" daemon [_thread_blocked, id=10558, stack(0x00007f4dbd5e9000,0x00007f4dbd6ea000)]
  0x00007f4dd40be000 JavaThread "C1 CompilerThread2" daemon [_thread_blocked, id=10557, stack(0x00007f4dbd6ea000,0x00007f4dbd7eb000)]
  0x00007f4dd40bc000 JavaThread "C2 CompilerThread1" daemon [_thread_blocked, id=10556, stack(0x00007f4dbd7eb000,0x00007f4dbd8ec000)]
  0x00007f4dd40b9000 JavaThread "C2 CompilerThread0" daemon [_thread_blocked, id=10555, stack(0x00007f4dbd8ec000,0x00007f4dbd9ed000)]
  0x00007f4dd40b7800 JavaThread "Signal Dispatcher" daemon [_thread_blocked, id=10554, stack(0x00007f4dbd9ed000,0x00007f4dbdaee000)]
  0x00007f4dd4083800 JavaThread "Finalizer" daemon [_thread_blocked, id=10553, stack(0x00007f4dc40af000,0x00007f4dc41b0000)]
  0x00007f4dd407f000 JavaThread "Reference Handler" daemon [_thread_blocked, id=10552, stack(0x00007f4dc41b0000,0x00007f4dc42b1000)]

Other Threads:
=>0x00007f4dd4077800 VMThread [stack: 0x00007f4dc42b1000,0x00007f4dc43b2000] [id=10551]
  0x00007f4dd40d4000 WatcherThread [stack: 0x00007f4dbd4e8000,0x00007f4dbd5e9000] [id=10559]

VM state:at safepoint (normal execution)

VM Mutex/Monitor currently owned by a thread:  ([mutex/lock_event])
[0x00007f4dd4005d70] Threads_lock - owner thread: 0x00007f4dd4077800
[0x00007f4dd4006270] Heap_lock - owner thread: 0x00007f4dd4187000

Heap:
 PSYoungGen      total 204288K, used 128K [0x00000000ebe00000, 0x00000000f8680000, 0x0000000100000000)
  eden space 203264K, 0% used [0x00000000ebe00000,0x00000000ebe00000,0x00000000f8480000)
  from space 1024K, 12% used [0x00000000f8480000,0x00000000f84a0000,0x00000000f8580000)
  to   space 1024K, 0% used [0x00000000f8580000,0x00000000f8580000,0x00000000f8680000)
 ParOldGen       total 42496K, used 584K [0x00000000c3a00000, 0x00000000c6380000, 0x00000000ebe00000)
  object space 42496K, 1% used [0x00000000c3a00000,0x00000000c3a92060,0x00000000c6380000)
 Metaspace       used 3557K, capacity 4940K, committed 5120K, reserved 1056768K
  class space    used 372K, capacity 456K, committed 512K, reserved 1048576K

Card table byte_map: [0x00007f4dd94f8000,0x00007f4dd96dc000] byte_map_base: 0x00007f4dd8edb000

Marking Bits: (ParMarkBitMap*) 0x00007f4ddbdf2d60
 Begin Bits: [0x00007f4dbe1d0000, 0x00007f4dbf0e8000)
 End Bits:   [0x00007f4dbf0e8000, 0x00007f4dc0000000)

Polling page: 0x00007f4ddca3b000

CodeCache: size=245760Kb used=2688Kb max_used=2702Kb free=243071Kb
 bounds [0x00007f4dc5000000, 0x00007f4dc52b0000, 0x00007f4dd4000000]
 total_blobs=678 nmethods=434 adapters=158
 compilation: enabled

Compilation events (10 events):
Event: 3.536 Thread 0x00007f4dd40bc000  430       4       java.util.LinkedList::removeFirst (23 bytes)
Event: 3.536 Thread 0x00007f4dd40b9000  431       4       java.util.LinkedList::unlinkFirst (64 bytes)
Event: 3.537 Thread 0x00007f4dd40b9000 nmethod 431 0x00007f4dc5277990 code [0x00007f4dc5277ae0, 0x00007f4dc5277b98]
Event: 3.537 Thread 0x00007f4dd40bc000 nmethod 430 0x00007f4dc5285bd0 code [0x00007f4dc5285d20, 0x00007f4dc5285df8]
Event: 3.538 Thread 0x00007f4dd40b9000  432       4       nachos.threads.PriorityScheduler$PriorityQueue::waitForAccess (22 bytes)
Event: 3.540 Thread 0x00007f4dd40bc000  433       4       nachos.threads.ThreadQueueMethods::PriorityQueueSort (85 bytes)
Event: 3.545 Thread 0x00007f4dd40b9000 nmethod 432 0x00007f4dc52981d0 code [0x00007f4dc5298360, 0x00007f4dc52986f8]
Event: 3.580 Thread 0x00007f4dd40bc000 nmethod 433 0x00007f4dc52a6990 code [0x00007f4dc52a6b80, 0x00007f4dc52a7918]
Event: 3.590 Thread 0x00007f4dd40b9000  434       4       java.util.LinkedList::getFirst (22 bytes)
Event: 3.590 Thread 0x00007f4dd40b9000 nmethod 434 0x00007f4dc5274cd0 code [0x00007f4dc5274e20, 0x00007f4dc5274e98]

GC Heap History (10 events):
Event: 0.434 GC heap after
Heap after GC invocations=6 (full 0):
 PSYoungGen      total 64512K, used 496K [0x00000000ebe00000, 0x00000000efe00000, 0x0000000100000000)
  eden space 63488K, 0% used [0x00000000ebe00000,0x00000000ebe00000,0x00000000efc00000)
  from space 1024K, 48% used [0x00000000efd00000,0x00000000efd7c020,0x00000000efe00000)
  to   space 1024K, 0% used [0x00000000efc00000,0x00000000efc00000,0x00000000efd00000)
 ParOldGen       total 42496K, used 40K [0x00000000c3a00000, 0x00000000c6380000, 0x00000000ebe00000)
  object space 42496K, 0% used [0x00000000c3a00000,0x00000000c3a0a000,0x00000000c6380000)
 Metaspace       used 3393K, capacity 4876K, committed 5120K, reserved 1056768K
  class space    used 358K, capacity 456K, committed 512K, reserved 1048576K
}
Event: 0.528 GC heap before
{Heap before GC invocations=7 (full 0):
 PSYoungGen      total 64512K, used 63984K [0x00000000ebe00000, 0x00000000efe00000, 0x0000000100000000)
  eden space 63488K, 100% used [0x00000000ebe00000,0x00000000efc00000,0x00000000efc00000)
  from space 1024K, 48% used [0x00000000efd00000,0x00000000efd7c020,0x00000000efe00000)
  to   space 1024K, 0% used [0x00000000efc00000,0x00000000efc00000,0x00000000efd00000)
 ParOldGen       total 42496K, used 40K [0x00000000c3a00000, 0x00000000c6380000, 0x00000000ebe00000)
  object space 42496K, 0% used [0x00000000c3a00000,0x00000000c3a0a000,0x00000000c6380000)
 Metaspace       used 3393K, capacity 4876K, committed 5120K, reserved 1056768K
  class space    used 358K, capacity 456K, committed 512K, reserved 1048576K
Event: 0.530 GC heap after
Heap after GC invocations=7 (full 0):
 PSYoungGen      total 64512K, used 32K [0x00000000ebe00000, 0x00000000f3c00000, 0x0000000100000000)
  eden space 63488K, 0% used [0x00000000ebe00000,0x00000000ebe00000,0x00000000efc00000)
  from space 1024K, 3% used [0x00000000efc00000,0x00000000efc08000,0x00000000efd00000)
  to   space 1024K, 0% used [0x00000000f3b00000,0x00000000f3b00000,0x00000000f3c00000)
 ParOldGen       total 42496K, used 512K [0x00000000c3a00000, 0x00000000c6380000, 0x00000000ebe00000)
  object space 42496K, 1% used [0x00000000c3a00000,0x00000000c3a80060,0x00000000c6380000)
 Metaspace       used 3393K, capacity 4876K, committed 5120K, reserved 1056768K
  class space    used 358K, capacity 456K, committed 512K, reserved 1048576K
}
Event: 0.572 GC heap before
{Heap before GC invocations=8 (full 0):
 PSYoungGen      total 64512K, used 63520K [0x00000000ebe00000, 0x00000000f3c00000, 0x0000000100000000)
  eden space 63488K, 100% used [0x00000000ebe00000,0x00000000efc00000,0x00000000efc00000)
  from space 1024K, 3% used [0x00000000efc00000,0x00000000efc08000,0x00000000efd00000)
  to   space 1024K, 0% used [0x00000000f3b00000,0x00000000f3b00000,0x00000000f3c00000)
 ParOldGen       total 42496K, used 512K [0x00000000c3a00000, 0x00000000c6380000, 0x00000000ebe00000)
  object space 42496K, 1% used [0x00000000c3a00000,0x00000000c3a80060,0x00000000c6380000)
 Metaspace       used 3393K, capacity 4876K, committed 5120K, reserved 1056768K
  class space    used 358K, capacity 456K, committed 512K, reserved 1048576K
Event: 0.576 GC heap after
Heap after GC invocations=8 (full 0):
 PSYoungGen      total 128000K, used 96K [0x00000000ebe00000, 0x00000000f3c00000, 0x0000000100000000)
  eden space 126976K, 0% used [0x00000000ebe00000,0x00000000ebe00000,0x00000000f3a00000)
  from space 1024K, 9% used [0x00000000f3b00000,0x00000000f3b18000,0x00000000f3c00000)
  to   space 1024K, 0% used [0x00000000f3a00000,0x00000000f3a00000,0x00000000f3b00000)
 ParOldGen       total 42496K, used 520K [0x00000000c3a00000, 0x00000000c6380000, 0x00000000ebe00000)
  object space 42496K, 1% used [0x00000000c3a00000,0x00000000c3a82060,0x00000000c6380000)
 Metaspace       used 3393K, capacity 4876K, committed 5120K, reserved 1056768K
  class space    used 358K, capacity 456K, committed 512K, reserved 1048576K
}
Event: 2.402 GC heap before
{Heap before GC invocations=9 (full 0):
 PSYoungGen      total 128000K, used 127072K [0x00000000ebe00000, 0x00000000f3c00000, 0x0000000100000000)
  eden space 126976K, 100% used [0x00000000ebe00000,0x00000000f3a00000,0x00000000f3a00000)
  from space 1024K, 9% used [0x00000000f3b00000,0x00000000f3b18000,0x00000000f3c00000)
  to   space 1024K, 0% used [0x00000000f3a00000,0x00000000f3a00000,0x00000000f3b00000)
 ParOldGen       total 42496K, used 520K [0x00000000c3a00000, 0x00000000c6380000, 0x00000000ebe00000)
  object space 42496K, 1% used [0x00000000c3a00000,0x00000000c3a82060,0x00000000c6380000)
 Metaspace       used 3394K, capacity 4876K, committed 5120K, reserved 1056768K
  class space    used 358K, capacity 456K, committed 512K, reserved 1048576K
Event: 2.402 GC heap after
Heap after GC invocations=9 (full 0):
 PSYoungGen      total 128000K, used 64K [0x00000000ebe00000, 0x00000000f8680000, 0x0000000100000000)
  eden space 126976K, 0% used [0x00000000ebe00000,0x00000000ebe00000,0x00000000f3a00000)
  from space 1024K, 6% used [0x00000000f3a00000,0x00000000f3a10000,0x00000000f3b00000)
  to   space 1024K, 0% used [0x00000000f8580000,0x00000000f8580000,0x00000000f8680000)
 ParOldGen       total 42496K, used 520K [0x00000000c3a00000, 0x00000000c6380000, 0x00000000ebe00000)
  object space 42496K, 1% used [0x00000000c3a00000,0x00000000c3a82060,0x00000000c6380000)
 Metaspace       used 3394K, capacity 4876K, committed 5120K, reserved 1056768K
  class space    used 358K, capacity 456K, committed 512K, reserved 1048576K
}
Event: 3.396 GC heap before
{Heap before GC invocations=10 (full 0):
 PSYoungGen      total 128000K, used 127040K [0x00000000ebe00000, 0x00000000f8680000, 0x0000000100000000)
  eden space 126976K, 100% used [0x00000000ebe00000,0x00000000f3a00000,0x00000000f3a00000)
  from space 1024K, 6% used [0x00000000f3a00000,0x00000000f3a10000,0x00000000f3b00000)
  to   space 1024K, 0% used [0x00000000f8580000,0x00000000f8580000,0x00000000f8680000)
 ParOldGen       total 42496K, used 520K [0x00000000c3a00000, 0x00000000c6380000, 0x00000000ebe00000)
  object space 42496K, 1% used [0x00000000c3a00000,0x00000000c3a82060,0x00000000c6380000)
 Metaspace       used 3555K, capacity 4940K, committed 5120K, reserved 1056768K
  class space    used 371K, capacity 456K, committed 512K, reserved 1048576K
Event: 3.496 GC heap after
Heap after GC invocations=10 (full 0):
 PSYoungGen      total 204288K, used 160K [0x00000000ebe00000, 0x00000000f8680000, 0x0000000100000000)
  eden space 203264K, 0% used [0x00000000ebe00000,0x00000000ebe00000,0x00000000f8480000)
  from space 1024K, 15% used [0x00000000f8580000,0x00000000f85a8000,0x00000000f8680000)
  to   space 1024K, 0% used [0x00000000f8480000,0x00000000f8480000,0x00000000f8580000)
 ParOldGen       total 42496K, used 536K [0x00000000c3a00000, 0x00000000c6380000, 0x00000000ebe00000)
  object space 42496K, 1% used [0x00000000c3a00000,0x00000000c3a86060,0x00000000c6380000)
 Metaspace       used 3555K, capacity 4940K, committed 5120K, reserved 1056768K
  class space    used 371K, capacity 456K, committed 512K, reserved 1048576K
}
Event: 1008.400 GC heap before
{Heap before GC invocations=11 (full 0):
 PSYoungGen      total 204288K, used 203424K [0x00000000ebe00000, 0x00000000f8680000, 0x0000000100000000)
  eden space 203264K, 100% used [0x00000000ebe00000,0x00000000f8480000,0x00000000f8480000)
  from space 1024K, 15% used [0x00000000f8580000,0x00000000f85a8000,0x00000000f8680000)
  to   space 1024K, 0% used [0x00000000f8480000,0x00000000f8480000,0x00000000f8580000)
 ParOldGen       total 42496K, used 536K [0x00000000c3a00000, 0x00000000c6380000, 0x00000000ebe00000)
  object space 42496K, 1% used [0x00000000c3a00000,0x00000000c3a86060,0x00000000c6380000)
 Metaspace       used 3557K, capacity 4940K, committed 5120K, reserved 1056768K
  class space    used 372K, capacity 456K, committed 512K, reserved 1048576K

Deoptimization events (10 events):
Event: 1.581 Thread 0x00007f4dd4009800 Uncommon trap: reason=unstable_if action=reinterpret pc=0x00007f4dc51aba7c method=nachos.machine.TCB.contextSwitch()V @ 40
Event: 1.581 Thread 0x00007f4dd417d800 Uncommon trap: reason=unstable_if action=reinterpret pc=0x00007f4dc51d47bc method=java.util.TreeMap.fixAfterInsertion(Ljava/util/TreeMap$Entry;)V @ 212
Event: 1.581 Thread 0x00007f4dd417d800 Uncommon trap: reason=unstable_if action=reinterpret pc=0x00007f4dc51c0320 method=java.util.TreeMap.fixAfterInsertion(Ljava/util/TreeMap$Entry;)V @ 41
Event: 1.581 Thread 0x00007f4dd417d800 Uncommon trap: reason=unstable_if action=reinterpret pc=0x00007f4dc51cd3a0 method=java.util.TreeMap.deleteEntry(Ljava/util/TreeMap$Entry;)V @ 184
Event: 1.582 Thread 0x00007f4dd417d800 Uncommon trap: reason=unstable_if action=reinterpret pc=0x00007f4dc51a1540 method=java.util.TreeMap.fixAfterDeletion(Ljava/util/TreeMap$Entry;)V @ 5
Event: 1.768 Thread 0x00007f4dd417d800 Uncommon trap: reason=unstable_if action=reinterpret pc=0x00007f4dc51e18e4 method=nachos.machine.StandardConsole.in()I @ 6
Event: 2.982 Thread 0x00007f4dd4187000 Uncommon trap: reason=unstable_if action=reinterpret pc=0x00007f4dc51c621c method=nachos.machine.TCB.associateThread(Lnachos/threads/KThread;)V @ 36
Event: 2.987 Thread 0x00007f4dd4187000 Uncommon trap: reason=unstable_if action=reinterpret pc=0x00007f4dc520b678 method=nachos.machine.Interrupt.tick(Z)V @ 9
Event: 2.994 Thread 0x00007f4dd417d800 Uncommon trap: reason=unstable_if action=reinterpret pc=0x00007f4dc51d6370 method=java.util.TreeMap.deleteEntry(Ljava/util/TreeMap$Entry;)V @ 184
Event: 2.995 Thread 0x00007f4dd417d800 Uncommon trap: reason=unstable_if action=reinterpret pc=0x00007f4dc51ca5bc method=nachos.machine.Interrupt$PendingInterrupt.compareTo(Ljava/lang/Object;)I @ 42

Internal exceptions (3 events):
Event: 0.059 Thread 0x00007f4dd4009800 Exception <a 'java/lang/NoSuchMethodError': Method sun.misc.Unsafe.defineClass(Ljava/lang/String;[BII)Ljava/lang/Class; name or signature does not match> (0x00000000ebe07cc0) thrown at [/HUDSON/workspace/8-2-build-linux-amd64/jdk8u91/6644/hotspot/src/shar
Event: 0.059 Thread 0x00007f4dd4009800 Exception <a 'java/lang/NoSuchMethodError': Method sun.misc.Unsafe.prefetchRead(Ljava/lang/Object;J)V name or signature does not match> (0x00000000ebe07fa8) thrown at [/HUDSON/workspace/8-2-build-linux-amd64/jdk8u91/6644/hotspot/src/share/vm/prims/jni.cpp
Event: 0.162 Thread 0x00007f4dd4009800 Exception <a 'java/io/FileNotFoundException'> (0x00000000ebf28310) thrown at [/HUDSON/workspace/8-2-build-linux-amd64/jdk8u91/6644/hotspot/src/share/vm/prims/jni.cpp, line 709]

Events (10 events):
Event: 3.173 Thread 0x00007f4dd4187000 DEOPT UNPACKING pc=0x00007f4dc5047633 sp=0x00007f4dbd2e3f10 mode 0
Event: 3.396 Executing VM operation: ParallelGCFailedAllocation
Event: 3.496 Executing VM operation: ParallelGCFailedAllocation done
Event: 4.145 Executing VM operation: EnableBiasedLocking
Event: 4.145 Executing VM operation: EnableBiasedLocking done
Event: 1002.170 loading class sun/misc/Signal$1
Event: 1004.223 loading class sun/misc/Signal$1 done
Event: 1004.223 Thread 0x00007f4d98001000 Thread added: 0x00007f4d98001000
Event: 1004.307 loading class java/lang/Shutdown
Event: 1005.067 Executing VM operation: ParallelGCFailedAllocation


Dynamic libraries:
00400000-00401000 r-xp 00000000 08:05 1465131                            /usr/lib/jvm/java-8-oracle/jre/bin/java
00600000-00601000 rw-p 00000000 08:05 1465131                            /usr/lib/jvm/java-8-oracle/jre/bin/java
008a4000-008c5000 rw-p 00000000 00:00 0                                  [heap]
c3a00000-c6380000 rw-p 00000000 00:00 0 
c6380000-ebe00000 ---p 00000000 00:00 0 
ebe00000-f8680000 rw-p 00000000 00:00 0 
ffe00000-100000000 ---p 00000000 00:00 0 
100000000-100080000 rw-p 00000000 00:00 0 
100080000-140000000 ---p 00000000 00:00 0 
7f4d78000000-7f4d78021000 rw-p 00000000 00:00 0 
7f4d78021000-7f4d7c000000 ---p 00000000 00:00 0 
7f4d80000000-7f4d8028d000 rw-p 00000000 00:00 0 
7f4d8028d000-7f4d84000000 ---p 00000000 00:00 0 
7f4d84000000-7f4d84021000 rw-p 00000000 00:00 0 
7f4d84021000-7f4d88000000 ---p 00000000 00:00 0 
7f4d88000000-7f4d88021000 rw-p 00000000 00:00 0 
7f4d88021000-7f4d8c000000 ---p 00000000 00:00 0 
7f4d8c000000-7f4d8c021000 rw-p 00000000 00:00 0 
7f4d8c021000-7f4d90000000 ---p 00000000 00:00 0 
7f4d90000000-7f4d90548000 rw-p 00000000 00:00 0 
7f4d90548000-7f4d94000000 ---p 00000000 00:00 0 
7f4d94000000-7f4d94378000 rw-p 00000000 00:00 0 
7f4d94378000-7f4d98000000 ---p 00000000 00:00 0 
7f4d98000000-7f4d98021000 rw-p 00000000 00:00 0 
7f4d98021000-7f4d9c000000 ---p 00000000 00:00 0 
7f4d9c000000-7f4d9c75f000 rw-p 00000000 00:00 0 
7f4d9c75f000-7f4da0000000 ---p 00000000 00:00 0 
7f4da0000000-7f4da0021000 rw-p 00000000 00:00 0 
7f4da0021000-7f4da4000000 ---p 00000000 00:00 0 
7f4da4000000-7f4da4021000 rw-p 00000000 00:00 0 
7f4da4021000-7f4da8000000 ---p 00000000 00:00 0 
7f4da8000000-7f4da8021000 rw-p 00000000 00:00 0 
7f4da8021000-7f4dac000000 ---p 00000000 00:00 0 
7f4dac000000-7f4dac28b000 rw-p 00000000 00:00 0 
7f4dac28b000-7f4db0000000 ---p 00000000 00:00 0 
7f4db0000000-7f4db0021000 rw-p 00000000 00:00 0 
7f4db0021000-7f4db4000000 ---p 00000000 00:00 0 
7f4db8000000-7f4db8021000 rw-p 00000000 00:00 0 
7f4db8021000-7f4dbc000000 ---p 00000000 00:00 0 
7f4dbd1e5000-7f4dbd1e8000 ---p 00000000 00:00 0 
7f4dbd1e8000-7f4dbd2e6000 rw-p 00000000 00:00 0                          [stack:10564]
7f4dbd2e6000-7f4dbd2e9000 ---p 00000000 00:00 0 
7f4dbd2e9000-7f4dbd3e7000 rw-p 00000000 00:00 0                          [stack:10741]
7f4dbd3e7000-7f4dbd3ea000 ---p 00000000 00:00 0 
7f4dbd3ea000-7f4dbd4e8000 rw-p 00000000 00:00 0                          [stack:10560]
7f4dbd4e8000-7f4dbd4e9000 ---p 00000000 00:00 0 
7f4dbd4e9000-7f4dbd5e9000 rw-p 00000000 00:00 0                          [stack:10559]
7f4dbd5e9000-7f4dbd5ec000 ---p 00000000 00:00 0 
7f4dbd5ec000-7f4dbd6ea000 rw-p 00000000 00:00 0                          [stack:10558]
7f4dbd6ea000-7f4dbd6ed000 ---p 00000000 00:00 0 
7f4dbd6ed000-7f4dbd7eb000 rw-p 00000000 00:00 0                          [stack:10557]
7f4dbd7eb000-7f4dbd7ee000 ---p 00000000 00:00 0 
7f4dbd7ee000-7f4dbd8ec000 rw-p 00000000 00:00 0                          [stack:10556]
7f4dbd8ec000-7f4dbd8ef000 ---p 00000000 00:00 0 
7f4dbd8ef000-7f4dbd9ed000 rw-p 00000000 00:00 0                          [stack:10555]
7f4dbd9ed000-7f4dbd9f0000 ---p 00000000 00:00 0 
7f4dbd9f0000-7f4dbdaee000 rw-p 00000000 00:00 0                          [stack:10554]
7f4dbdaee000-7f4dbe1d0000 r--p 00000000 08:05 400383                     /usr/lib/locale/locale-archive
7f4dbe1d0000-7f4dc0000000 rw-p 00000000 00:00 0 
7f4dc0000000-7f4dc0021000 rw-p 00000000 00:00 0 
7f4dc0021000-7f4dc4000000 ---p 00000000 00:00 0 
7f4dc40af000-7f4dc40b2000 ---p 00000000 00:00 0 
7f4dc40b2000-7f4dc41b0000 rw-p 00000000 00:00 0                          [stack:10553]
7f4dc41b0000-7f4dc41b3000 ---p 00000000 00:00 0 
7f4dc41b3000-7f4dc42b1000 rw-p 00000000 00:00 0                          [stack:10552]
7f4dc42b1000-7f4dc42b2000 ---p 00000000 00:00 0 
7f4dc42b2000-7f4dc5000000 rw-p 00000000 00:00 0                          [stack:10551]
7f4dc5000000-7f4dc52b0000 rwxp 00000000 00:00 0 
7f4dc52b0000-7f4dd4000000 ---p 00000000 00:00 0 
7f4dd4000000-7f4dd43f9000 rw-p 00000000 00:00 0 
7f4dd43f9000-7f4dd8000000 ---p 00000000 00:00 0 
7f4dd800d000-7f4dd8380000 rw-p 00000000 00:00 0 
7f4dd8380000-7f4dd8559000 r--s 03d1f000 08:05 1466653                    /usr/lib/jvm/java-8-oracle/jre/lib/rt.jar
7f4dd8559000-7f4dd8a4f000 rw-p 00000000 00:00 0 
7f4dd8a4f000-7f4dd8dcf000 ---p 00000000 00:00 0 
7f4dd8dcf000-7f4dd8fb2000 rw-p 00000000 00:00 0 
7f4dd8fb2000-7f4dd8fb3000 ---p 00000000 00:00 0 
7f4dd8fb3000-7f4dd90b3000 rw-p 00000000 00:00 0                          [stack:10550]
7f4dd90b3000-7f4dd90b4000 ---p 00000000 00:00 0 
7f4dd90b4000-7f4dd91b4000 rw-p 00000000 00:00 0                          [stack:10549]
7f4dd91b4000-7f4dd91b5000 ---p 00000000 00:00 0 
7f4dd91b5000-7f4dd92b5000 rw-p 00000000 00:00 0                          [stack:10548]
7f4dd92b5000-7f4dd92b6000 ---p 00000000 00:00 0 
7f4dd92b6000-7f4dd93cb000 rw-p 00000000 00:00 0                          [stack:10547]
7f4dd93cb000-7f4dd94f8000 ---p 00000000 00:00 0 
7f4dd94f8000-7f4dd950d000 rw-p 00000000 00:00 0 
7f4dd950d000-7f4dd963a000 ---p 00000000 00:00 0 
7f4dd963a000-7f4dd969f000 rw-p 00000000 00:00 0 
7f4dd969f000-7f4dd96db000 ---p 00000000 00:00 0 
7f4dd96db000-7f4dd96e7000 rw-p 00000000 00:00 0 
7f4dd96e7000-7f4dd9a9c000 ---p 00000000 00:00 0 
7f4dd9a9c000-7f4dd9ab6000 r-xp 00000000 08:05 1465325                    /usr/lib/jvm/java-8-oracle/jre/lib/amd64/libzip.so
7f4dd9ab6000-7f4dd9cb6000 ---p 0001a000 08:05 1465325                    /usr/lib/jvm/java-8-oracle/jre/lib/amd64/libzip.so
7f4dd9cb6000-7f4dd9cb7000 rw-p 0001a000 08:05 1465325                    /usr/lib/jvm/java-8-oracle/jre/lib/amd64/libzip.so
7f4dd9cb7000-7f4dd9cc2000 r-xp 00000000 08:05 4726083                    /lib/x86_64-linux-gnu/libnss_files-2.19.so
7f4dd9cc2000-7f4dd9ec1000 ---p 0000b000 08:05 4726083                    /lib/x86_64-linux-gnu/libnss_files-2.19.so
7f4dd9ec1000-7f4dd9ec2000 r--p 0000a000 08:05 4726083                    /lib/x86_64-linux-gnu/libnss_files-2.19.so
7f4dd9ec2000-7f4dd9ec3000 rw-p 0000b000 08:05 4726083                    /lib/x86_64-linux-gnu/libnss_files-2.19.so
7f4dd9ec3000-7f4dd9ece000 r-xp 00000000 08:05 4726075                    /lib/x86_64-linux-gnu/libnss_nis-2.19.so
7f4dd9ece000-7f4dda0cd000 ---p 0000b000 08:05 4726075                    /lib/x86_64-linux-gnu/libnss_nis-2.19.so
7f4dda0cd000-7f4dda0ce000 r--p 0000a000 08:05 4726075                    /lib/x86_64-linux-gnu/libnss_nis-2.19.so
7f4dda0ce000-7f4dda0cf000 rw-p 0000b000 08:05 4726075                    /lib/x86_64-linux-gnu/libnss_nis-2.19.so
7f4dda0cf000-7f4dda0e6000 r-xp 00000000 08:05 4723874                    /lib/x86_64-linux-gnu/libnsl-2.19.so
7f4dda0e6000-7f4dda2e5000 ---p 00017000 08:05 4723874                    /lib/x86_64-linux-gnu/libnsl-2.19.so
7f4dda2e5000-7f4dda2e6000 r--p 00016000 08:05 4723874                    /lib/x86_64-linux-gnu/libnsl-2.19.so
7f4dda2e6000-7f4dda2e7000 rw-p 00017000 08:05 4723874                    /lib/x86_64-linux-gnu/libnsl-2.19.so
7f4dda2e7000-7f4dda2e9000 rw-p 00000000 00:00 0 
7f4dda2e9000-7f4dda2f2000 r-xp 00000000 08:05 4722780                    /lib/x86_64-linux-gnu/libnss_compat-2.19.so
7f4dda2f2000-7f4dda4f1000 ---p 00009000 08:05 4722780                    /lib/x86_64-linux-gnu/libnss_compat-2.19.so
7f4dda4f1000-7f4dda4f2000 r--p 00008000 08:05 4722780                    /lib/x86_64-linux-gnu/libnss_compat-2.19.so
7f4dda4f2000-7f4dda4f3000 rw-p 00009000 08:05 4722780                    /lib/x86_64-linux-gnu/libnss_compat-2.19.so
7f4dda4f3000-7f4dda51d000 r-xp 00000000 08:05 1465345                    /usr/lib/jvm/java-8-oracle/jre/lib/amd64/libjava.so
7f4dda51d000-7f4dda71d000 ---p 0002a000 08:05 1465345                    /usr/lib/jvm/java-8-oracle/jre/lib/amd64/libjava.so
7f4dda71d000-7f4dda71f000 rw-p 0002a000 08:05 1465345                    /usr/lib/jvm/java-8-oracle/jre/lib/amd64/libjava.so
7f4dda71f000-7f4dda72c000 r-xp 00000000 08:05 1465327                    /usr/lib/jvm/java-8-oracle/jre/lib/amd64/libverify.so
7f4dda72c000-7f4dda92c000 ---p 0000d000 08:05 1465327                    /usr/lib/jvm/java-8-oracle/jre/lib/amd64/libverify.so
7f4dda92c000-7f4dda92e000 rw-p 0000d000 08:05 1465327                    /usr/lib/jvm/java-8-oracle/jre/lib/amd64/libverify.so
7f4dda92e000-7f4dda935000 r-xp 00000000 08:05 4726079                    /lib/x86_64-linux-gnu/librt-2.19.so
7f4dda935000-7f4ddab34000 ---p 00007000 08:05 4726079                    /lib/x86_64-linux-gnu/librt-2.19.so
7f4ddab34000-7f4ddab35000 r--p 00006000 08:05 4726079                    /lib/x86_64-linux-gnu/librt-2.19.so
7f4ddab35000-7f4ddab36000 rw-p 00007000 08:05 4726079                    /lib/x86_64-linux-gnu/librt-2.19.so
7f4ddab36000-7f4ddac3b000 r-xp 00000000 08:05 4722663                    /lib/x86_64-linux-gnu/libm-2.19.so
7f4ddac3b000-7f4ddae3a000 ---p 00105000 08:05 4722663                    /lib/x86_64-linux-gnu/libm-2.19.so
7f4ddae3a000-7f4ddae3b000 r--p 00104000 08:05 4722663                    /lib/x86_64-linux-gnu/libm-2.19.so
7f4ddae3b000-7f4ddae3c000 rw-p 00105000 08:05 4722663                    /lib/x86_64-linux-gnu/libm-2.19.so
7f4ddae3c000-7f4ddbafc000 r-xp 00000000 08:05 1465403                    /usr/lib/jvm/java-8-oracle/jre/lib/amd64/server/libjvm.so
7f4ddbafc000-7f4ddbcfc000 ---p 00cc0000 08:05 1465403                    /usr/lib/jvm/java-8-oracle/jre/lib/amd64/server/libjvm.so
7f4ddbcfc000-7f4ddbdd4000 rw-p 00cc0000 08:05 1465403                    /usr/lib/jvm/java-8-oracle/jre/lib/amd64/server/libjvm.so
7f4ddbdd4000-7f4ddbe1f000 rw-p 00000000 00:00 0 
7f4ddbe1f000-7f4ddbfda000 r-xp 00000000 08:05 4726080                    /lib/x86_64-linux-gnu/libc-2.19.so
7f4ddbfda000-7f4ddc1d9000 ---p 001bb000 08:05 4726080                    /lib/x86_64-linux-gnu/libc-2.19.so
7f4ddc1d9000-7f4ddc1dd000 r--p 001ba000 08:05 4726080                    /lib/x86_64-linux-gnu/libc-2.19.so
7f4ddc1dd000-7f4ddc1df000 rw-p 001be000 08:05 4726080                    /lib/x86_64-linux-gnu/libc-2.19.so
7f4ddc1df000-7f4ddc1e4000 rw-p 00000000 00:00 0 
7f4ddc1e4000-7f4ddc1e7000 r-xp 00000000 08:05 4722760                    /lib/x86_64-linux-gnu/libdl-2.19.so
7f4ddc1e7000-7f4ddc3e6000 ---p 00003000 08:05 4722760                    /lib/x86_64-linux-gnu/libdl-2.19.so
7f4ddc3e6000-7f4ddc3e7000 r--p 00002000 08:05 4722760                    /lib/x86_64-linux-gnu/libdl-2.19.so
7f4ddc3e7000-7f4ddc3e8000 rw-p 00003000 08:05 4722760                    /lib/x86_64-linux-gnu/libdl-2.19.so
7f4ddc3e8000-7f4ddc3fd000 r-xp 00000000 08:05 1465357                    /usr/lib/jvm/java-8-oracle/jre/lib/amd64/jli/libjli.so
7f4ddc3fd000-7f4ddc5fd000 ---p 00015000 08:05 1465357                    /usr/lib/jvm/java-8-oracle/jre/lib/amd64/jli/libjli.so
7f4ddc5fd000-7f4ddc5fe000 rw-p 00015000 08:05 1465357                    /usr/lib/jvm/java-8-oracle/jre/lib/amd64/jli/libjli.so
7f4ddc5fe000-7f4ddc617000 r-xp 00000000 08:05 4723875                    /lib/x86_64-linux-gnu/libpthread-2.19.so
7f4ddc617000-7f4ddc816000 ---p 00019000 08:05 4723875                    /lib/x86_64-linux-gnu/libpthread-2.19.so
7f4ddc816000-7f4ddc817000 r--p 00018000 08:05 4723875                    /lib/x86_64-linux-gnu/libpthread-2.19.so
7f4ddc817000-7f4ddc818000 rw-p 00019000 08:05 4723875                    /lib/x86_64-linux-gnu/libpthread-2.19.so
7f4ddc818000-7f4ddc81c000 rw-p 00000000 00:00 0 
7f4ddc81c000-7f4ddc83f000 r-xp 00000000 08:05 4725002                    /lib/x86_64-linux-gnu/ld-2.19.so
7f4ddc848000-7f4ddc920000 rw-p 00000000 00:00 0 
7f4ddc920000-7f4ddc923000 ---p 00000000 00:00 0 
7f4ddc923000-7f4ddca25000 rw-p 00000000 00:00 0                          [stack:10546]
7f4ddca31000-7f4ddca32000 rw-p 00000000 00:00 0 
7f4ddca32000-7f4ddca3a000 rw-s 00000000 08:05 6422739                    /tmp/hsperfdata_jenner/10545
7f4ddca3a000-7f4ddca3b000 rw-p 00000000 00:00 0 
7f4ddca3b000-7f4ddca3c000 ---p 00000000 00:00 0 
7f4ddca3c000-7f4ddca3e000 rw-p 00000000 00:00 0 
7f4ddca3e000-7f4ddca3f000 r--p 00022000 08:05 4725002                    /lib/x86_64-linux-gnu/ld-2.19.so
7f4ddca3f000-7f4ddca40000 rw-p 00023000 08:05 4725002                    /lib/x86_64-linux-gnu/ld-2.19.so
7f4ddca40000-7f4ddca41000 rw-p 00000000 00:00 0 
7ffd17802000-7ffd17824000 rw-p 00000000 00:00 0                          [stack]
7ffd1790f000-7ffd17911000 r-xp 00000000 00:00 0                          [vdso]
7ffd17911000-7ffd17913000 r--p 00000000 00:00 0                          [vvar]
ffffffffff600000-ffffffffff601000 r-xp 00000000 00:00 0                  [vsyscall]

VM Arguments:
java_command: nachos.machine.Machine -x echo.coff
java_class_path (initial): .
Launcher Type: SUN_STANDARD

Environment Variables:
JAVA_HOME=/usr/lib/jvm/java-8-oracle
PATH=/home/jenner/mips-x86.linux-xgcc:/home/jenner/Desktop/NACHOS/FASES/Fase_2/nachos:/home/jenner/spark1.6/bin:/home/jenner/spark1.6/bin:/usr/local/sbin:/usr/local/bin:/usr/sbin:/usr/bin:/sbin:/bin:/usr/games:/usr/local/games:/usr/lib/jvm/java-8-oracle/bin:/usr/lib/jvm/java-8-oracle/db/bin:/usr/lib/jvm/java-8-oracle/jre/bin:/home/jenner/Desktop/NACHOS/CODIGO_NACHOS_EN_PROGRESO/nachos/bin:/home/jenner/Desktop/NACHOS/FASES/Fase_1/nachos/bin
SHELL=/bin/bash
DISPLAY=:0

Signal Handlers:
SIGSEGV: [libjvm.so+0xabca10], sa_mask[0]=11111111011111111101111111111110, sa_flags=SA_RESTART|SA_SIGINFO
SIGBUS: [libjvm.so+0xabca10], sa_mask[0]=11111111011111111101111111111110, sa_flags=SA_RESTART|SA_SIGINFO
SIGFPE: [libjvm.so+0x919a20], sa_mask[0]=11111111011111111101111111111110, sa_flags=SA_RESTART|SA_SIGINFO
SIGPIPE: [libjvm.so+0x919a20], sa_mask[0]=11111111011111111101111111111110, sa_flags=SA_RESTART|SA_SIGINFO
SIGXFSZ: [libjvm.so+0x919a20], sa_mask[0]=11111111011111111101111111111110, sa_flags=SA_RESTART|SA_SIGINFO
SIGILL: [libjvm.so+0x919a20], sa_mask[0]=11111111011111111101111111111110, sa_flags=SA_RESTART|SA_SIGINFO
SIGUSR1: SIG_DFL, sa_mask[0]=00000000000000000000000000000000, sa_flags=none
SIGUSR2: [libjvm.so+0x91b050], sa_mask[0]=00000000000000000000000000000000, sa_flags=SA_RESTART|SA_SIGINFO
SIGHUP: [libjvm.so+0x91c450], sa_mask[0]=11111111011111111101111111111110, sa_flags=SA_RESTART|SA_SIGINFO
SIGINT: [libjvm.so+0x91c450], sa_mask[0]=11111111011111111101111111111110, sa_flags=SA_RESTART|SA_SIGINFO
SIGTERM: [libjvm.so+0x91c450], sa_mask[0]=11111111011111111101111111111110, sa_flags=SA_RESTART|SA_SIGINFO
SIGQUIT: [libjvm.so+0x91c450], sa_mask[0]=11111111011111111101111111111110, sa_flags=SA_RESTART|SA_SIGINFO


---------------  S Y S T E M  ---------------

OS:DISTRIB_ID=Ubuntu
DISTRIB_RELEASE=14.04
DISTRIB_CODENAME=trusty
DISTRIB_DESCRIPTION="Ubuntu 14.04.4 LTS"

uname:Linux 3.16.0-71-generic #91~14.04.1-Ubuntu SMP Mon Apr 18 19:43:36 UTC 2016 x86_64
libc:glibc 2.19 NPTL 2.19 
rlimit: STACK 8192k, CORE 0k, NPROC 15351, NOFILE 4096, AS infinity
load average:36.36 11.64 4.80

/proc/meminfo:
MemTotal:        3951404 kB
MemFree:         2287052 kB
MemAvailable:    2231952 kB
Buffers:            1916 kB
Cached:           123736 kB
SwapCached:        56920 kB
Active:          1118240 kB
Inactive:         393600 kB
Active(anon):    1099232 kB
Inactive(anon):   376404 kB
Active(file):      19008 kB
Inactive(file):    17196 kB
Unevictable:          32 kB
Mlocked:              32 kB
SwapTotal:       4095996 kB
SwapFree:         169532 kB
Dirty:               196 kB
Writeback:             0 kB
AnonPages:       1329544 kB
Mapped:            31168 kB
Shmem:             89212 kB
Slab:              50968 kB
SReclaimable:      22528 kB
SUnreclaim:        28440 kB
KernelStack:       10112 kB
PageTables:        37532 kB
NFS_Unstable:          0 kB
Bounce:                0 kB
WritebackTmp:          0 kB
CommitLimit:     6071696 kB
Committed_AS:    9298136 kB
VmallocTotal:   34359738367 kB
VmallocUsed:      349084 kB
VmallocChunk:   34359373624 kB
HardwareCorrupted:     0 kB
AnonHugePages:    649216 kB
HugePages_Total:       0
HugePages_Free:        0
HugePages_Rsvd:        0
HugePages_Surp:        0
Hugepagesize:       2048 kB
DirectMap4k:      123336 kB
DirectMap2M:     3975168 kB


CPU:total 4 (2 cores per cpu, 2 threads per core) family 6 model 42 stepping 7, cmov, cx8, fxsr, mmx, sse, sse2, sse3, ssse3, sse4.1, sse4.2, popcnt, avx, aes, clmul, ht, tsc, tscinvbit

/proc/cpuinfo:
processor	: 0
vendor_id	: GenuineIntel
cpu family	: 6
model		: 42
model name	: Intel(R) Core(TM) i5-2450M CPU @ 2.50GHz
stepping	: 7
microcode	: 0x1b
cpu MHz		: 875.195
cache size	: 3072 KB
physical id	: 0
siblings	: 4
core id		: 0
cpu cores	: 2
apicid		: 0
initial apicid	: 0
fpu		: yes
fpu_exception	: yes
cpuid level	: 13
wp		: yes
flags		: fpu vme de pse tsc msr pae mce cx8 apic sep mtrr pge mca cmov pat pse36 clflush dts acpi mmx fxsr sse sse2 ss ht tm pbe syscall nx rdtscp lm constant_tsc arch_perfmon pebs bts rep_good nopl xtopology nonstop_tsc aperfmperf eagerfpu pni pclmulqdq dtes64 monitor ds_cpl vmx est tm2 ssse3 cx16 xtpr pdcm pcid sse4_1 sse4_2 x2apic popcnt tsc_deadline_timer aes xsave avx lahf_lm ida arat epb xsaveopt pln pts dtherm tpr_shadow vnmi flexpriority ept vpid
bogomips	: 4988.77
clflush size	: 64
cache_alignment	: 64
address sizes	: 36 bits physical, 48 bits virtual
power management:

processor	: 1
vendor_id	: GenuineIntel
cpu family	: 6
model		: 42
model name	: Intel(R) Core(TM) i5-2450M CPU @ 2.50GHz
stepping	: 7
microcode	: 0x1b
cpu MHz		: 834.277
cache size	: 3072 KB
physical id	: 0
siblings	: 4
core id		: 1
cpu cores	: 2
apicid		: 2
initial apicid	: 2
fpu		: yes
fpu_exception	: yes
cpuid level	: 13
wp		: yes
flags		: fpu vme de pse tsc msr pae mce cx8 apic sep mtrr pge mca cmov pat pse36 clflush dts acpi mmx fxsr sse sse2 ss ht tm pbe syscall nx rdtscp lm constant_tsc arch_perfmon pebs bts rep_good nopl xtopology nonstop_tsc aperfmperf eagerfpu pni pclmulqdq dtes64 monitor ds_cpl vmx est tm2 ssse3 cx16 xtpr pdcm pcid sse4_1 sse4_2 x2apic popcnt tsc_deadline_timer aes xsave avx lahf_lm ida arat epb xsaveopt pln pts dtherm tpr_shadow vnmi flexpriority ept vpid
bogomips	: 4988.77
clflush size	: 64
cache_alignment	: 64
address sizes	: 36 bits physical, 48 bits virtual
power management:

processor	: 2
vendor_id	: GenuineIntel
cpu family	: 6
model		: 42
model name	: Intel(R) Core(TM) i5-2450M CPU @ 2.50GHz
stepping	: 7
microcode	: 0x1b
cpu MHz		: 870.703
cache size	: 3072 KB
physical id	: 0
siblings	: 4
core id		: 0
cpu cores	: 2
apicid		: 1
initial apicid	: 1
fpu		: yes
fpu_exception	: yes
cpuid level	: 13
wp		: yes
flags		: fpu vme de pse tsc msr pae mce cx8 apic sep mtrr pge mca cmov pat pse36 clflush dts acpi mmx fxsr sse sse2 ss ht tm pbe syscall nx rdtscp lm constant_tsc arch_perfmon pebs bts rep_good nopl xtopology nonstop_tsc aperfmperf eagerfpu pni pclmulqdq dtes64 monitor ds_cpl vmx est tm2 ssse3 cx16 xtpr pdcm pcid sse4_1 sse4_2 x2apic popcnt tsc_deadline_timer aes xsave avx lahf_lm ida arat epb xsaveopt pln pts dtherm tpr_shadow vnmi flexpriority ept vpid
bogomips	: 4988.77
clflush size	: 64
cache_alignment	: 64
address sizes	: 36 bits physical, 48 bits virtual
power management:

processor	: 3
vendor_id	: GenuineIntel
cpu family	: 6
model		: 42
model name	: Intel(R) Core(TM) i5-2450M CPU @ 2.50GHz
stepping	: 7
microcode	: 0x1b
cpu MHz		: 1095.507
cache size	: 3072 KB
physical id	: 0
siblings	: 4
core id		: 1
cpu cores	: 2
apicid		: 3
initial apicid	: 3
fpu		: yes
fpu_exception	: yes
cpuid level	: 13
wp		: yes
flags		: fpu vme de pse tsc msr pae mce cx8 apic sep mtrr pge mca cmov pat pse36 clflush dts acpi mmx fxsr sse sse2 ss ht tm pbe syscall nx rdtscp lm constant_tsc arch_perfmon pebs bts rep_good nopl xtopology nonstop_tsc aperfmperf eagerfpu pni pclmulqdq dtes64 monitor ds_cpl vmx est tm2 ssse3 cx16 xtpr pdcm pcid sse4_1 sse4_2 x2apic popcnt tsc_deadline_timer aes xsave avx lahf_lm ida arat epb xsaveopt pln pts dtherm tpr_shadow vnmi flexpriority ept vpid
bogomips	: 4988.77
clflush size	: 64
cache_alignment	: 64
address sizes	: 36 bits physical, 48 bits virtual
power management:



Memory: 4k page, physical 3951404k(2287052k free), swap 4095996k(169532k free)

vm_info: Java HotSpot(TM) 64-Bit Server VM (25.91-b14) for linux-amd64 JRE (1.8.0_91-b14), built on Apr  1 2016 00:57:21 by "java_re" with gcc 4.3.0 20080428 (Red Hat 4.3.0-8)

time: Wed May 11 03:00:34 2016
elapsed time: 1047 seconds (0d 0h 17m 27s)

